[debug] [2020-01-17T18:31:13.693Z] ----------------------------------------------------------------------
[debug] [2020-01-17T18:31:13.695Z] Command:       /usr/local/bin/node /usr/local/bin/firebase serve
[debug] [2020-01-17T18:31:13.695Z] CLI Version:   7.12.1
[debug] [2020-01-17T18:31:13.695Z] Platform:      darwin
[debug] [2020-01-17T18:31:13.695Z] Node Version:  v10.16.3
[debug] [2020-01-17T18:31:13.708Z] Time:          Fri Jan 17 2020 15:31:13 GMT-0300 (GMT-03:00)
[debug] [2020-01-17T18:31:13.708Z] ----------------------------------------------------------------------
[debug] [2020-01-17T18:31:13.708Z] 
[debug] [2020-01-17T18:31:13.735Z] > command requires scopes: ["email","openid","https://www.googleapis.com/auth/cloudplatformprojects.readonly","https://www.googleapis.com/auth/firebase","https://www.googleapis.com/auth/cloud-platform"]
[debug] [2020-01-17T18:31:13.735Z] > authorizing via signed-in user
[debug] [2020-01-17T18:31:13.736Z] [iam] checking project red-social-94f04 for permissions ["firebase.projects.get"]
[debug] [2020-01-17T18:31:13.737Z] > refreshing access token with scopes: ["email","https://www.googleapis.com/auth/cloud-platform","https://www.googleapis.com/auth/cloudplatformprojects.readonly","https://www.googleapis.com/auth/firebase","openid"]
[debug] [2020-01-17T18:31:13.738Z] >>> HTTP REQUEST POST https://www.googleapis.com/oauth2/v3/token  
 <request body omitted>
[debug] [2020-01-17T18:31:13.920Z] <<< HTTP RESPONSE 200
[debug] [2020-01-17T18:31:13.948Z] >>> HTTP REQUEST POST https://cloudresourcemanager.googleapis.com/v1/projects/red-social-94f04:testIamPermissions  

[debug] [2020-01-17T18:31:15.118Z] <<< HTTP RESPONSE 200
[debug] [2020-01-17T18:31:15.121Z] >>> HTTP REQUEST GET https://firebase.googleapis.com/v1beta1/projects/red-social-94f04  
 
[debug] [2020-01-17T18:31:16.483Z] <<< HTTP RESPONSE 200
[info] 
[info] === Serving from '/Users/nerymarguarnizo/Desktop/SCL012-Social-Network'...
[info] 
[debug] [2020-01-17T18:31:16.489Z] >>> HTTP REQUEST GET https://firebase.googleapis.com/v1beta1/projects/red-social-94f04/webApps/-/config  
 
[debug] [2020-01-17T18:31:18.019Z] <<< HTTP RESPONSE 200
[info] i  hosting: Serving hosting files from: src
[info] ✔  hosting: Local server: http://localhost:5000
